<?xml version="1.0" encoding="UTF-8"?>
<beans xmlns="http://www.springframework.org/schema/beans"
       xmlns:c="http://www.springframework.org/schema/c"
       xmlns:util="http://www.springframework.org/schema/util"
       xmlns:xsi="http://www.w3.org/2001/XMLSchema-instance"
       xsi:schemaLocation="
           http://www.springframework.org/schema/beans classpath:/org/springframework/beans/factory/xml/spring-beans-3.2.xsd
           http://www.springframework.org/schema/util classpath:/org/springframework/beans/factory/xml/spring-util-3.2.xsd"
       default-init-method="initialize"
       default-destroy-method="destroy">

    <bean id="cas.proxyCallbackTrustStoreFactory"
          class="net.shibboleth.idp.cas.util.TrustStoreFactoryBean">
        <property name="trustedCertificates">
            <list>
                <bean class="org.springframework.core.io.ClassPathResource"
                      c:path="/certs/nobody-2.pem" />
            </list>
        </property>
    </bean>

    <bean id="cas.proxyCallbackTrustStore"
          factory-method="createInstance"
          factory-bean="cas.proxyCallbackTrustStoreFactory" />

    <util:list id="shibboleth.AvailableAuthenticationFlows" />

</beans>